<?xml version="1.0" encoding="UTF-8"?>
<!-- Generated by org.testng.reporters.JUnitXMLReporter -->
<testsuite hostname="DESKTOP-D5KJBUL" ignored="0" tests="26" failures="0" timestamp="02 Jul 2018 06:21:14 GMT" time="70.557" errors="0">
  <testcase name="openAnalytic" time="20.37" classname="AnalyticsUI"/>
  <testcase name="getCssValue_AnalyticLink_TextFontSize" time="0.032" classname="AnalyticsUI"/>
  <testcase name="getCssValue_AnalyticLink_TextFontFamily" time="0.034" classname="AnalyticsUI"/>
  <testcase name="getCssValue_AnalyticLink_TextColor" time="0.046" classname="AnalyticsUI"/>
  <testcase name="getCssValue_AnalyticsLink_BackgroundColor" time="0.128" classname="AnalyticsUI"/>
  <testcase name="getCssValue_AnalyticsSelectCS_TextFontSize" time="0.057" classname="AnalyticsUI"/>
  <testcase name="getCssValue_AnalyticSelectCS_TextFontFamily" time="0.051" classname="AnalyticsUI"/>
  <testcase name="getCssValue_AnalyticSelectCS_TextFontWeight" time="0.049" classname="AnalyticsUI"/>
  <testcase name="getCssValue_AnalyticsSelectCS_TextColor" time="0.082" classname="AnalyticsUI"/>
  <testcase name="getCssValue_AnalyticsPanelCS_TextFontSize" time="0.047" classname="AnalyticsUI"/>
  <testcase name="getCssValue_AnalyticPanelCS_TextFontFamily" time="0.035" classname="AnalyticsUI"/>
  <testcase name="getCssValue_AnalyticsPanelCS_TextColor" time="0.036" classname="AnalyticsUI"/>
  <testcase name="getCssValue_AnalyticPanelCS_TextFontWeight" time="0.033" classname="AnalyticsUI"/>
  <testcase name="getCssValue_AnalyticsYearFilter_TextFontSize" time="0.041" classname="AnalyticsUI"/>
  <testcase name="getCssValue_AnalyticYearFilter_TextFontFamily" time="0.023" classname="AnalyticsUI"/>
  <testcase name="getCssValue_AnalyticYearFilter_TextColor" time="0.031" classname="AnalyticsUI"/>
  <testcase name="getCssValue_AnalyticYearFilter_TextFontWeight" time="0.072" classname="AnalyticsUI"/>
  <testcase name="getCssValue_AnalyticsMonthFilter_TextFontSize" time="0.049" classname="AnalyticsUI"/>
  <testcase name="getCssValue_AnalyticMonthFilter_TextFontFamily" time="0.045" classname="AnalyticsUI"/>
  <testcase name="getCssValue_AnalyticMonthFilter_TextColor" time="0.047" classname="AnalyticsUI"/>
  <testcase name="getCssValue_AnalyticMonthFilter_TextFontWeight" time="0.052" classname="AnalyticsUI"/>
  <testcase name="getCssValue_AnalticDownloadButton_TextFontSize" time="0.16" classname="AnalyticsUI"/>
  <testcase name="getCssValue_AnalyticDownloadButton_TextFontFamily" time="0.047" classname="AnalyticsUI"/>
  <testcase name="getCssValue_AnalyticDownloadButton_TextColor" time="0.047" classname="AnalyticsUI"/>
  <testcase name="getCssvalue_AnalyticDownloadButton_BackgroundColor" time="0.036" classname="AnalyticsUI"/>
  <testcase name="getCssValue_AnalyticButtonFontWeight" time="0.032" classname="AnalyticsUI"/>
</testsuite>
