<?xml version="1.0" encoding="UTF-8"?>
<!-- Generated by org.testng.reporters.JUnitXMLReporter -->
<testsuite hostname="DESKTOP-D5KJBUL" ignored="0" tests="7" failures="0" timestamp="02 Jul 2018 06:17:20 GMT" time="179.488" errors="0">
  <testcase name="login" time="48.502" classname="FilesFilter"/>
  <testcase name="files" time="14.815" classname="FilesFilter"/>
  <testcase name="file_type" time="25.478" classname="FilesFilter"/>
  <testcase name="file_date" time="23.021" classname="FilesFilter"/>
  <testcase name="addedBy" time="20.034" classname="FilesFilter"/>
  <testcase name="category" time="15.623" classname="FilesFilter"/>
  <testcase name="postSubject" time="16.363" classname="FilesFilter"/>
</testsuite>
