<?xml version="1.0" encoding="UTF-8"?>
<!-- Generated by org.testng.reporters.JUnitXMLReporter -->
<testsuite hostname="DESKTOP-D5KJBUL" ignored="0" tests="3" failures="0" timestamp="02 Jul 2018 07:16:53 GMT" time="406.482" errors="0">
  <testcase name="homepageBuyerMemberLogin" time="55.71" classname="InviteBuyerMemberNormalShare"/>
  <testcase name="community_InviteFromBuyerMemberNormalShare" time="164.578" classname="InviteBuyerMemberNormalShare"/>
  <testcase name="invite_URL" time="172.766" classname="InviteBuyerMemberNormalShare"/>
</testsuite>
