<?xml version="1.0" encoding="UTF-8"?>
<!-- Generated by org.testng.reporters.JUnitXMLReporter -->
<testsuite hostname="DESKTOP-D5KJBUL" ignored="0" tests="3" failures="0" timestamp="02 Jul 2018 07:10:06 GMT" time="386.485" errors="0">
  <testcase name="homepageBuyerMemberSubcompanyShareLogin" time="34.227" classname="InviteBuyerMemberSubcompanyShare"/>
  <testcase name="community_InviteBuyerMemberSubcompanyShare" time="165.445" classname="InviteBuyerMemberSubcompanyShare"/>
  <testcase name="invite_URL" time="172.917" classname="InviteBuyerMemberSubcompanyShare"/>
</testsuite>
