<?xml version="1.0" encoding="UTF-8"?>
<!-- Generated by org.testng.reporters.JUnitXMLReporter -->
<testsuite hostname="DESKTOP-D5KJBUL" ignored="0" tests="51" failures="4" timestamp="02 Jul 2018 06:34:41 GMT" time="127.782" errors="0">
  <testcase name="openSettings" time="48.132" classname="SettingsUI"/>
  <testcase name="getCssValue_SetttingDomainLink_TextFontSize" time="0.116" classname="SettingsUI"/>
  <testcase name="getCssValue_AnalyticLink_TextFontFamily" time="0.079" classname="SettingsUI"/>
  <testcase name="getCssValue_AnalyticLink_TextColor" time="0.082" classname="SettingsUI"/>
  <testcase name="getCssValue_settingsLink_BackgroundColor" time="0.141" classname="SettingsUI"/>
  <testcase name="getCssValue_SettingDomainMgmtSaveButton_TextFontSize" time="0.119" classname="SettingsUI"/>
  <testcase name="getCssValue_SettingDomainMgmtSaveButton_TextFontFamily" time="0.039" classname="SettingsUI"/>
  <testcase name="getCssValue_SettingDomainMgmtSaveButton_TextFontWeight" time="0.043" classname="SettingsUI"/>
  <testcase name="getCssValue_SettingDomainMgmtSaveButton_TextColor" time="0.06" classname="SettingsUI"/>
  <testcase name="getCssValue_SettingFeedbackParagraphText_TextFontSize" time="0.236" classname="SettingsUI"/>
  <testcase name="getCssValue_SettingFeedbackParagraphText" time="0.061" classname="SettingsUI"/>
  <testcase name="getCssValue_SettingFeedbackParagraphText_TextColor" time="0.056" classname="SettingsUI"/>
  <testcase name="getCssValue_SettingFeedbackparagraphText_TextFontWeight" time="0.075" classname="SettingsUI"/>
  <testcase name="getCssValue_SettingfeedbackReminderlabelText_TextFontSize" time="0.049" classname="SettingsUI">
    <failure type="java.lang.AssertionError" message="expected [true] but found [false]">
      <![CDATA[java.lang.AssertionError: expected [true] but found [false]
at SettingsUI.getCssValue_SettingfeedbackReminderlabelText_TextFontSize(SettingsUI.java:163)
... Removed 29 stack frames]]>
    </failure>
  </testcase> <!-- getCssValue_SettingfeedbackReminderlabelText_TextFontSize -->
  <testcase name="getCssValue_SettingfeedbackReminderlabelText_TextFontFamily" time="0.034" classname="SettingsUI">
    <failure type="java.lang.AssertionError" message="expected [true] but found [false]">
      <![CDATA[java.lang.AssertionError: expected [true] but found [false]
at SettingsUI.getCssValue_SettingfeedbackReminderlabelText_TextFontFamily(SettingsUI.java:170)
... Removed 29 stack frames]]>
    </failure>
  </testcase> <!-- getCssValue_SettingfeedbackReminderlabelText_TextFontFamily -->
  <testcase name="getCssValue_SettingfeedbackReminderlabelText_TextColor" time="0.027" classname="SettingsUI">
    <failure type="java.lang.AssertionError" message="expected [true] but found [false]">
      <![CDATA[java.lang.AssertionError: expected [true] but found [false]
at SettingsUI.getCssValue_SettingfeedbackReminderlabelText_TextColor(SettingsUI.java:178)
... Removed 29 stack frames]]>
    </failure>
  </testcase> <!-- getCssValue_SettingfeedbackReminderlabelText_TextColor -->
  <testcase name="getCssValue_SettingfeedbackReminderlabelText_TextFontWeight" time="0.03" classname="SettingsUI">
    <failure type="java.lang.AssertionError" message="expected [true] but found [false]">
      <![CDATA[java.lang.AssertionError: expected [true] but found [false]
at SettingsUI.getCssValue_SettingfeedbackReminderlabelText_TextFontWeight(SettingsUI.java:185)
... Removed 29 stack frames]]>
    </failure>
  </testcase> <!-- getCssValue_SettingfeedbackReminderlabelText_TextFontWeight -->
  <testcase name="getCssValue_SettingAccountformLabelHeading_TextFontSize" time="5.264" classname="SettingsUI"/>
  <testcase name="getCssValue_SettingAccountformLabelHeading_TextFontFamily" time="0.034" classname="SettingsUI"/>
  <testcase name="getCssValue_SettingAccountformLabelHeading_TextColor" time="0.039" classname="SettingsUI"/>
  <testcase name="getCssValue_SettingAccountformLabelHeading_TextFontWeight" time="0.045" classname="SettingsUI"/>
  <testcase name="getCssValue_SettingAccountTextfieldLabel_TextFontSize" time="0.092" classname="SettingsUI"/>
  <testcase name="getCssValue_SettingAccountTextfieldLabel__TextFontFamily" time="0.036" classname="SettingsUI"/>
  <testcase name="getCssValue_SettingAccountTextfieldLabel__TextColor" time="0.058" classname="SettingsUI"/>
  <testcase name="getCssvalue_SettingAccountTextfieldLabel__BackgroundColor" time="0.06" classname="SettingsUI"/>
  <testcase name="getCssValue_SettingAccountTextfieldLabel_FontWeight" time="0.057" classname="SettingsUI"/>
  <testcase name="getCssValue_SettingAccountTextfieldText_TextFontSize" time="0.079" classname="SettingsUI"/>
  <testcase name="getCssValue_SettingAccountTextfieldText_TextFontFamily" time="0.04" classname="SettingsUI"/>
  <testcase name="getCssValue_SettingAccountTextfieldText_TextColor" time="0.039" classname="SettingsUI"/>
  <testcase name="getCssvalue_SettingAccountTextfieldText_BackgroundColor" time="0.04" classname="SettingsUI"/>
  <testcase name="getCssValue_SettingAccountTextfieldText_FontWeight" time="0.063" classname="SettingsUI"/>
  <testcase name="getCssValue_SettingAccountDMAText_TextFontSize" time="0.069" classname="SettingsUI"/>
  <testcase name="getCssValue_SettingAccountDMAText_TextFontFamily" time="0.035" classname="SettingsUI"/>
  <testcase name="getCssValue_SettingAccountDMAText_TextColor" time="0.043" classname="SettingsUI"/>
  <testcase name="getCssvalue_SettingAccountDMAText_BackgroundColor" time="0.039" classname="SettingsUI"/>
  <testcase name="getCssValue_SettingAccountDMAText_FontWeight" time="0.039" classname="SettingsUI"/>
  <testcase name="getCssValue_SettingAccountBulkUploadButton_TextFontSize" time="5.225" classname="SettingsUI"/>
  <testcase name="getCssValue_SettingAccountBulkUploadButton_TextFontFamily" time="0.06" classname="SettingsUI"/>
  <testcase name="getCssValue_SettingAccountBulkUploadButton_TextColor" time="0.043" classname="SettingsUI"/>
  <testcase name="getCssvalue_SettingAccountBulkUploadButton_BackgroundColor" time="0.058" classname="SettingsUI"/>
  <testcase name="getCssValue_SettingAccountBulkUploadButton_FontWeight" time="0.089" classname="SettingsUI"/>
  <testcase name="getCssValue_SettingPermissionCheckLabel_TextFontSize" time="5.203" classname="SettingsUI"/>
  <testcase name="getCssValue_SettingPermissionCheckLabel_TextFontFamily" time="0.035" classname="SettingsUI"/>
  <testcase name="getCssValue_SettingPermissionCheckLabel_TextColor" time="0.061" classname="SettingsUI"/>
  <testcase name="getCssvalue_SettingPermissionCheckLabel_BackgroundColor" time="0.037" classname="SettingsUI"/>
  <testcase name="getCssValue_SettingPermissionCheckLabel_FontWeight" time="0.041" classname="SettingsUI"/>
  <testcase name="getCssValue_SettingEmailNotification_TextFontSize" time="0.244" classname="SettingsUI"/>
  <testcase name="getCssValue_SettingEmailNotification_TextFontFamily" time="0.078" classname="SettingsUI"/>
  <testcase name="getCssValue_SettingEmailNotification_TextColor" time="0.041" classname="SettingsUI"/>
  <testcase name="getCssvalue_SettingEmailNotification_BackgroundColor" time="0.059" classname="SettingsUI"/>
  <testcase name="getCssValue_SettingEmailNotification_FontWeight" time="0.038" classname="SettingsUI"/>
</testsuite>
